[debug] [2020-01-14T19:42:23.959Z] ----------------------------------------------------------------------
[debug] [2020-01-14T19:42:23.968Z] Command:       /usr/local/bin/node /usr/local/bin/firebase serve
[debug] [2020-01-14T19:42:23.968Z] CLI Version:   7.11.0
[debug] [2020-01-14T19:42:23.968Z] Platform:      darwin
[debug] [2020-01-14T19:42:23.968Z] Node Version:  v10.15.3
[debug] [2020-01-14T19:42:23.970Z] Time:          Tue Jan 14 2020 14:42:23 GMT-0500 (Eastern Standard Time)
[debug] [2020-01-14T19:42:23.970Z] ----------------------------------------------------------------------
[debug] [2020-01-14T19:42:23.970Z] 
[debug] [2020-01-14T19:42:23.989Z] > command requires scopes: ["email","openid","https://www.googleapis.com/auth/cloudplatformprojects.readonly","https://www.googleapis.com/auth/firebase","https://www.googleapis.com/auth/cloud-platform"]
[debug] [2020-01-14T19:42:23.990Z] > authorizing via signed-in user
[debug] [2020-01-14T19:42:23.990Z] [iam] checking project livetree-65129 for permissions ["firebase.projects.get"]
[debug] [2020-01-14T19:42:23.993Z] > refreshing access token with scopes: ["email","https://www.googleapis.com/auth/cloud-platform","https://www.googleapis.com/auth/cloudplatformprojects.readonly","https://www.googleapis.com/auth/firebase","openid"]
[debug] [2020-01-14T19:42:23.994Z] >>> HTTP REQUEST POST https://www.googleapis.com/oauth2/v3/token  
 <request body omitted>
[debug] [2020-01-14T19:42:24.152Z] <<< HTTP RESPONSE 200
[debug] [2020-01-14T19:42:24.159Z] >>> HTTP REQUEST POST https://cloudresourcemanager.googleapis.com/v1/projects/livetree-65129:testIamPermissions  

[debug] [2020-01-14T19:42:24.470Z] <<< HTTP RESPONSE 200
[debug] [2020-01-14T19:42:24.472Z] >>> HTTP REQUEST GET https://firebase.googleapis.com/v1beta1/projects/livetree-65129  
 
[debug] [2020-01-14T19:42:26.110Z] <<< HTTP RESPONSE 200
[info] 
[info] === Serving from '/Users/jackiedavison/Desktop/LiveTree'...
[info] 
[debug] [2020-01-14T19:42:26.114Z] >>> HTTP REQUEST GET https://firebase.googleapis.com/v1beta1/projects/livetree-65129/webApps/-/config  
 
[debug] [2020-01-14T19:42:26.558Z] <<< HTTP RESPONSE 200
[info] i  hosting: Serving hosting files from: public
[info] ✔  hosting: Local server: http://localhost:5000
